<?xml version="1.0"?><coverage lines-covered="367" lines-valid="448" line-rate="0.8191964285714286" branches-covered="0" branches-valid="0" branch-rate="0" complexity="0" version="1.9" timestamp="1753886244"><sources><source>/Users/scott/Code/si</source></sources><packages><package name="src" line-rate="0.7244094488188977" branch-rate="0" complexity="0"><classes><class name="main" filename="src/main.rs" line-rate="0.6631578947368421" branch-rate="0" complexity="0"><methods/><lines><line number="100" hits="0"/><line number="101" hits="0"/><line number="103" hits="0"/><line number="105" hits="0"/><line number="106" hits="0"/><line number="107" hits="0"/><line number="108" hits="0"/><line number="112" hits="0"/><line number="113" hits="0"/><line number="114" hits="0"/><line number="116" hits="0"/><line number="118" hits="0"/><line number="120" hits="0"/><line number="121" hits="0"/><line number="122" hits="0"/><line number="123" hits="0"/><line number="124" hits="0"/><line number="125" hits="0"/><line number="127" hits="0"/><line number="128" hits="0"/><line number="129" hits="0"/><line number="130" hits="0"/><line number="131" hits="0"/><line number="136" hits="0"/><line number="137" hits="0"/><line number="138" hits="0"/><line number="139" hits="0"/><line number="141" hits="0"/><line number="142" hits="0"/><line number="145" hits="0"/><line number="146" hits="0"/><line number="150" hits="0"/><line number="153" hits="4"/><line number="154" hits="4"/><line number="155" hits="1"/><line number="156" hits="1"/><line number="159" hits="3"/><line number="160" hits="1"/><line number="163" hits="2"/><line number="164" hits="1"/><line number="167" hits="1"/><line number="168" hits="1"/><line number="172" hits="4"/><line number="175" hits="1"/><line number="176" hits="1"/><line number="178" hits="1"/><line number="179" hits="1"/><line number="180" hits="1"/><line number="181" hits="1"/><line number="182" hits="1"/><line number="183" hits="3"/><line number="184" hits="3"/><line number="185" hits="4"/><line number="186" hits="3"/><line number="190" hits="1"/><line number="200" hits="1"/><line number="201" hits="2"/><line number="202" hits="3"/><line number="207" hits="1"/><line number="209" hits="3"/><line number="210" hits="1"/><line number="212" hits="3"/><line number="217" hits="1"/><line number="219" hits="1"/><line number="221" hits="3"/><line number="226" hits="1"/><line number="227" hits="2"/><line number="228" hits="3"/><line number="233" hits="1"/><line number="234" hits="3"/><line number="235" hits="3"/><line number="236" hits="3"/><line number="239" hits="3"/><line number="240" hits="3"/><line number="245" hits="3"/><line number="250" hits="1"/><line number="253" hits="2"/><line number="257" hits="1"/><line number="259" hits="2"/><line number="261" hits="1"/><line number="264" hits="1"/><line number="267" hits="1"/><line number="272" hits="1"/><line number="274" hits="2"/><line number="276" hits="3"/><line number="277" hits="1"/><line number="280" hits="1"/><line number="282" hits="2"/><line number="286" hits="1"/><line number="289" hits="3"/><line number="290" hits="3"/><line number="291" hits="1"/><line number="292" hits="1"/><line number="297" hits="1"/><line number="306" hits="1"/></lines></class><class name="models" filename="src/models.rs" line-rate="0.7610062893081762" branch-rate="0" complexity="0"><methods/><lines><line number="17" hits="7"/><line number="18" hits="33"/><line number="19" hits="14"/><line number="33" hits="15"/><line number="35" hits="30"/><line number="44" hits="7"/><line number="45" hits="7"/><line number="46" hits="5"/><line number="47" hits="29"/><line number="48" hits="3"/><line number="49" hits="8"/><line number="51" hits="0"/><line number="75" hits="5"/><line number="76" hits="5"/><line number="77" hits="3"/><line number="78" hits="23"/><line number="79" hits="3"/><line number="80" hits="0"/><line number="82" hits="0"/><line number="92" hits="16"/><line number="99" hits="13"/><line number="100" hits="26"/><line number="101" hits="13"/><line number="104" hits="8"/><line number="105" hits="16"/><line number="106" hits="8"/><line number="109" hits="16"/><line number="110" hits="32"/><line number="111" hits="16"/><line number="112" hits="28"/><line number="114" hits="16"/><line number="129" hits="0"/><line number="130" hits="0"/><line number="131" hits="0"/><line number="132" hits="0"/><line number="133" hits="0"/><line number="136" hits="12"/><line number="138" hits="24"/><line number="139" hits="14"/><line number="141" hits="1"/><line number="145" hits="0"/><line number="146" hits="0"/><line number="147" hits="0"/><line number="148" hits="0"/><line number="149" hits="0"/><line number="151" hits="0"/><line number="152" hits="0"/><line number="153" hits="0"/><line number="154" hits="0"/><line number="155" hits="0"/><line number="156" hits="0"/><line number="157" hits="0"/><line number="158" hits="0"/><line number="159" hits="0"/><line number="160" hits="0"/><line number="161" hits="0"/><line number="162" hits="0"/><line number="163" hits="0"/><line number="165" hits="0"/><line number="166" hits="0"/><line number="170" hits="0"/><line number="181" hits="2"/><line number="182" hits="4"/><line number="183" hits="2"/><line number="184" hits="2"/><line number="185" hits="2"/><line number="187" hits="2"/><line number="188" hits="2"/><line number="189" hits="2"/><line number="193" hits="8"/><line number="202" hits="2"/><line number="203" hits="4"/><line number="214" hits="0"/><line number="215" hits="2"/><line number="217" hits="4"/><line number="223" hits="2"/><line number="227" hits="2"/><line number="228" hits="8"/><line number="233" hits="2"/><line number="234" hits="4"/><line number="235" hits="0"/><line number="236" hits="2"/><line number="238" hits="2"/><line number="241" hits="2"/><line number="245" hits="2"/><line number="246" hits="4"/><line number="265" hits="0"/><line number="266" hits="2"/><line number="268" hits="4"/><line number="275" hits="2"/><line number="279" hits="2"/><line number="280" hits="8"/><line number="285" hits="2"/><line number="286" hits="4"/><line number="289" hits="0"/><line number="291" hits="2"/><line number="298" hits="2"/><line number="302" hits="2"/><line number="304" hits="6"/><line number="306" hits="10"/><line number="309" hits="2"/><line number="310" hits="2"/><line number="313" hits="0"/><line number="321" hits="2"/><line number="322" hits="6"/><line number="323" hits="6"/><line number="325" hits="4"/><line number="326" hits="4"/><line number="330" hits="2"/><line number="331" hits="2"/><line number="334" hits="0"/><line number="342" hits="2"/><line number="343" hits="4"/><line number="345" hits="0"/><line number="347" hits="2"/><line number="349" hits="2"/><line number="357" hits="2"/><line number="361" hits="2"/><line number="362" hits="4"/><line number="364" hits="0"/><line number="367" hits="2"/><line number="381" hits="0"/><line number="383" hits="2"/><line number="385" hits="2"/><line number="390" hits="2"/><line number="395" hits="2"/><line number="399" hits="2"/><line number="401" hits="4"/><line number="402" hits="4"/><line number="407" hits="6"/><line number="413" hits="2"/><line number="416" hits="2"/><line number="419" hits="6"/><line number="420" hits="2"/><line number="425" hits="2"/><line number="429" hits="2"/><line number="430" hits="4"/><line number="431" hits="2"/><line number="432" hits="2"/><line number="433" hits="2"/><line number="435" hits="2"/><line number="436" hits="2"/><line number="437" hits="2"/><line number="441" hits="6"/><line number="443" hits="6"/><line number="444" hits="2"/><line number="449" hits="14"/><line number="454" hits="2"/><line number="458" hits="2"/><line number="459" hits="4"/><line number="460" hits="4"/><line number="461" hits="2"/><line number="463" hits="4"/><line number="464" hits="2"/><line number="465" hits="2"/><line number="470" hits="4"/><line number="472" hits="6"/><line number="473" hits="2"/><line number="489" hits="2"/></lines></class></classes></package><package name="tests" line-rate="0.9432989690721649" branch-rate="0" complexity="0"><classes><class name="integration_tests" filename="tests/integration_tests.rs" line-rate="1" branch-rate="0" complexity="0"><methods/><lines><line number="8" hits="18"/><line number="10" hits="54"/><line number="11" hits="36"/><line number="14" hits="18"/><line number="16" hits="18"/><line number="17" hits="18"/><line number="32" hits="1"/><line number="33" hits="3"/><line number="34" hits="2"/><line number="36" hits="5"/><line number="40" hits="4"/><line number="48" hits="1"/><line number="49" hits="3"/><line number="50" hits="2"/><line number="52" hits="5"/><line number="56" hits="4"/><line number="61" hits="1"/><line number="62" hits="3"/><line number="63" hits="3"/><line number="65" hits="5"/><line number="69" hits="4"/><line number="78" hits="1"/><line number="79" hits="3"/><line number="80" hits="3"/><line number="82" hits="5"/><line number="86" hits="4"/><line number="95" hits="1"/><line number="96" hits="3"/><line number="97" hits="3"/><line number="99" hits="5"/><line number="103" hits="4"/><line number="109" hits="1"/><line number="110" hits="3"/><line number="111" hits="3"/><line number="114" hits="3"/><line number="115" hits="4"/><line number="117" hits="5"/><line number="124" hits="1"/><line number="125" hits="3"/><line number="126" hits="3"/><line number="128" hits="5"/><line number="132" hits="4"/><line number="137" hits="1"/><line number="138" hits="3"/><line number="139" hits="4"/><line number="141" hits="5"/><line number="145" hits="4"/><line number="150" hits="1"/><line number="151" hits="3"/><line number="152" hits="3"/><line number="154" hits="5"/><line number="158" hits="4"/><line number="163" hits="1"/><line number="164" hits="3"/><line number="165" hits="3"/><line number="167" hits="5"/><line number="171" hits="4"/><line number="176" hits="1"/><line number="177" hits="3"/><line number="178" hits="3"/><line number="180" hits="5"/><line number="184" hits="4"/><line number="189" hits="1"/><line number="190" hits="3"/><line number="191" hits="3"/><line number="193" hits="5"/><line number="197" hits="4"/><line number="202" hits="1"/><line number="203" hits="3"/><line number="204" hits="3"/><line number="205" hits="3"/><line number="208" hits="4"/><line number="210" hits="3"/><line number="211" hits="3"/><line number="212" hits="1"/><line number="213" hits="2"/><line number="214" hits="2"/><line number="215" hits="2"/><line number="216" hits="2"/><line number="217" hits="2"/><line number="218" hits="3"/><line number="219" hits="2"/><line number="220" hits="2"/><line number="223" hits="5"/><line number="227" hits="4"/><line number="233" hits="1"/><line number="234" hits="3"/><line number="235" hits="2"/><line number="237" hits="5"/><line number="243" hits="1"/><line number="244" hits="3"/><line number="245" hits="3"/><line number="247" hits="5"/><line number="251" hits="4"/><line number="256" hits="1"/><line number="257" hits="3"/><line number="258" hits="3"/><line number="260" hits="5"/><line number="264" hits="4"/><line number="269" hits="1"/><line number="270" hits="3"/><line number="271" hits="3"/><line number="273" hits="5"/><line number="277" hits="4"/><line number="282" hits="1"/><line number="283" hits="3"/><line number="284" hits="3"/><line number="286" hits="5"/><line number="290" hits="4"/></lines></class><class name="model_manager_tests" filename="tests/model_manager_tests.rs" line-rate="0.8705882352941177" branch-rate="0" complexity="0"><methods/><lines><line number="7" hits="2"/><line number="8" hits="2"/><line number="15" hits="1"/><line number="17" hits="4"/><line number="18" hits="1"/><line number="23" hits="1"/><line number="27" hits="2"/><line number="28" hits="2"/><line number="30" hits="0"/><line number="33" hits="1"/><line number="35" hits="1"/><line number="36" hits="0"/><line number="38" hits="3"/><line number="39" hits="1"/><line number="42" hits="2"/><line number="46" hits="2"/><line number="50" hits="2"/><line number="51" hits="2"/><line number="53" hits="0"/><line number="56" hits="1"/><line number="83" hits="1"/><line number="84" hits="0"/><line number="86" hits="3"/><line number="87" hits="1"/><line number="90" hits="2"/><line number="98" hits="2"/><line number="102" hits="2"/><line number="103" hits="2"/><line number="105" hits="0"/><line number="108" hits="1"/><line number="109" hits="0"/><line number="111" hits="3"/><line number="112" hits="1"/><line number="115" hits="1"/><line number="119" hits="2"/><line number="123" hits="1"/><line number="124" hits="2"/><line number="142" hits="1"/><line number="143" hits="0"/><line number="146" hits="2"/><line number="151" hits="7"/><line number="156" hits="1"/><line number="160" hits="1"/><line number="161" hits="2"/><line number="178" hits="1"/><line number="179" hits="0"/><line number="182" hits="2"/><line number="198" hits="1"/><line number="202" hits="1"/><line number="204" hits="3"/><line number="206" hits="1"/><line number="207" hits="1"/><line number="210" hits="0"/><line number="217" hits="2"/><line number="218" hits="2"/><line number="220" hits="0"/><line number="223" hits="1"/><line number="228" hits="1"/><line number="229" hits="0"/><line number="231" hits="3"/><line number="232" hits="1"/><line number="236" hits="6"/><line number="237" hits="11"/><line number="238" hits="21"/><line number="241" hits="2"/><line number="244" hits="12"/><line number="245" hits="6"/><line number="246" hits="6"/><line number="250" hits="1"/><line number="257" hits="2"/><line number="261" hits="1"/><line number="265" hits="1"/><line number="268" hits="3"/><line number="269" hits="1"/><line number="277" hits="1"/><line number="280" hits="3"/><line number="281" hits="1"/><line number="286" hits="1"/><line number="290" hits="1"/><line number="293" hits="2"/><line number="294" hits="1"/><line number="295" hits="1"/><line number="299" hits="3"/><line number="300" hits="1"/><line number="306" hits="1"/></lines></class></classes></package></packages></coverage>